<?xml version="1.0" encoding="UTF-8"?>
<!-- Generated by org.testng.reporters.JUnitXMLReporter -->
<testsuite hostname="Jasons-Air.lan" failures="0" tests="3" name="Ebay" time="103.709" errors="0" timestamp="7 Jul 2023 19:25:13 GMT">
  <testcase classname="com.ebay.runner.RunnerClass" name="feature" time="22.776"/>
  <testcase classname="com.ebay.runner.RunnerClass" name="feature" time="63.115"/>
  <testcase classname="com.ebay.runner.RunnerClass" name="feature" time="17.035"/>
</testsuite> <!-- Ebay -->
