<?xml version="1.0" encoding="UTF-8"?>
<!-- Generated by org.testng.reporters.JUnitXMLReporter -->
<testsuite hostname="Jasons-Air.lan" name="Default test" tests="3" failures="0" timestamp="6 Jul 2023 16:00:32 GMT" time="93.302" errors="0">
  <testcase name="feature" time="22.499" classname="com.ebay.runner.RunnerClass"/>
  <testcase name="feature" time="53.965" classname="com.ebay.runner.RunnerClass"/>
  <testcase name="feature" time="16.072" classname="com.ebay.runner.RunnerClass"/>
</testsuite> <!-- Default test -->
