<?xml version="1.0" encoding="UTF-8"?>
<testng-results total="3" passed="3" failed="0" skipped="0">
  <reporter-output>
  </reporter-output>
  <suite started-at="2023-07-07T19:23:30Z" name="Regression" finished-at="2023-07-07T19:25:13Z" duration-ms="103709">
    <groups>
      <group name="cucumber">
        <method signature="AbstractTestNGCucumberTests.feature(cucumber.api.testng.CucumberFeatureWrapper)[pri:0, instance:com.ebay.runner.RunnerClass@1fa121e2]" name="feature" class="cucumber.api.testng.AbstractTestNGCucumberTests"/>
      </group> <!-- cucumber -->
    </groups>
    <test started-at="2023-07-07T19:23:30Z" name="Ebay" finished-at="2023-07-07T19:25:13Z" duration-ms="103709">
      <class name="com.ebay.runner.RunnerClass">
        <test-method is-config="true" signature="setUpClass()[pri:0, instance:com.ebay.runner.RunnerClass@1fa121e2]" started-at="2023-07-07T15:23:30Z" name="setUpClass" finished-at="2023-07-07T15:23:30Z" duration-ms="191" status="PASS">
          <reporter-output>
          </reporter-output>
        </test-method> <!-- setUpClass -->
        <test-method signature="feature(cucumber.api.testng.CucumberFeatureWrapper)[pri:0, instance:com.ebay.runner.RunnerClass@1fa121e2]" started-at="2023-07-07T15:23:30Z" name="feature" description="Runs Cucumber Feature" data-provider="features" finished-at="2023-07-07T15:23:53Z" duration-ms="22776" status="PASS">
          <params>
            <param index="0">
              <value>
                <![CDATA[Ebay Cart Functionality]]>
              </value>
            </param>
          </params>
          <reporter-output>
          </reporter-output>
        </test-method> <!-- feature -->
        <test-method signature="feature(cucumber.api.testng.CucumberFeatureWrapper)[pri:0, instance:com.ebay.runner.RunnerClass@1fa121e2]" started-at="2023-07-07T15:23:53Z" name="feature" description="Runs Cucumber Feature" data-provider="features" finished-at="2023-07-07T15:24:56Z" duration-ms="63115" status="PASS">
          <params>
            <param index="0">
              <value>
                <![CDATA[Ebay Search Functionality]]>
              </value>
            </param>
          </params>
          <reporter-output>
          </reporter-output>
        </test-method> <!-- feature -->
        <test-method signature="feature(cucumber.api.testng.CucumberFeatureWrapper)[pri:0, instance:com.ebay.runner.RunnerClass@1fa121e2]" started-at="2023-07-07T15:24:56Z" name="feature" description="Runs Cucumber Feature" data-provider="features" finished-at="2023-07-07T15:25:13Z" duration-ms="17035" status="PASS">
          <params>
            <param index="0">
              <value>
                <![CDATA[Ebay Summary Mousehover]]>
              </value>
            </param>
          </params>
          <reporter-output>
          </reporter-output>
        </test-method> <!-- feature -->
        <test-method is-config="true" signature="tearDownClass()[pri:0, instance:com.ebay.runner.RunnerClass@1fa121e2]" started-at="2023-07-07T15:25:13Z" name="tearDownClass" finished-at="2023-07-07T15:25:13Z" duration-ms="440" status="PASS">
          <reporter-output>
          </reporter-output>
        </test-method> <!-- tearDownClass -->
      </class> <!-- com.ebay.runner.RunnerClass -->
    </test> <!-- Ebay -->
  </suite> <!-- Regression -->
</testng-results>
