<?xml version="1.0" encoding="UTF-8"?>
<testsuite xmlns:xsi="http://www.w3.org/2001/XMLSchema-instance" xsi:noNamespaceSchemaLocation="https://maven.apache.org/surefire/maven-surefire-plugin/xsd/surefire-test-report.xsd" name="TestSuite" time="104.269" tests="3" errors="0" skipped="0" failures="0">
  <properties>
[...]
</properties>
  <testcase name="feature" classname="com.ebay.runner.RunnerClass" time="22.782"/>
  <testcase name="feature" classname="com.ebay.runner.RunnerClass" time="63.114"/>
  <testcase name="feature" classname="com.ebay.runner.RunnerClass" time="17.034"/>
</testsuite>