<?xml version="1.0" encoding="UTF-8"?>
<testng-results skipped="0" failed="0" total="3" passed="3">
  <reporter-output>
  </reporter-output>
  <suite name="Default suite" duration-ms="93302" started-at="2023-07-06T15:58:58Z" finished-at="2023-07-06T16:00:32Z">
    <groups>
      <group name="cucumber">
        <method signature="AbstractTestNGCucumberTests.feature(cucumber.api.testng.CucumberFeatureWrapper)[pri:0, instance:com.ebay.runner.RunnerClass@5fd4f8f5]" name="feature" class="cucumber.api.testng.AbstractTestNGCucumberTests"/>
      </group> <!-- cucumber -->
    </groups>
    <test name="Default test" duration-ms="93302" started-at="2023-07-06T15:58:58Z" finished-at="2023-07-06T16:00:32Z">
      <class name="com.ebay.runner.RunnerClass">
        <test-method status="PASS" signature="setUpClass()[pri:0, instance:com.ebay.runner.RunnerClass@5fd4f8f5]" name="setUpClass" is-config="true" duration-ms="206" started-at="2023-07-06T11:58:58Z" finished-at="2023-07-06T11:58:59Z">
          <reporter-output>
          </reporter-output>
        </test-method> <!-- setUpClass -->
        <test-method status="PASS" signature="feature(cucumber.api.testng.CucumberFeatureWrapper)[pri:0, instance:com.ebay.runner.RunnerClass@5fd4f8f5]" name="feature" duration-ms="22499" started-at="2023-07-06T11:58:59Z" description="Runs Cucumber Feature" data-provider="features" finished-at="2023-07-06T11:59:21Z">
          <params>
            <param index="0">
              <value>
                <![CDATA[Ebay Cart Functionality]]>
              </value>
            </param>
          </params>
          <reporter-output>
          </reporter-output>
        </test-method> <!-- feature -->
        <test-method status="PASS" signature="feature(cucumber.api.testng.CucumberFeatureWrapper)[pri:0, instance:com.ebay.runner.RunnerClass@5fd4f8f5]" name="feature" duration-ms="53965" started-at="2023-07-06T11:59:21Z" description="Runs Cucumber Feature" data-provider="features" finished-at="2023-07-06T12:00:15Z">
          <params>
            <param index="0">
              <value>
                <![CDATA[Ebay Search Functionality]]>
              </value>
            </param>
          </params>
          <reporter-output>
          </reporter-output>
        </test-method> <!-- feature -->
        <test-method status="PASS" signature="feature(cucumber.api.testng.CucumberFeatureWrapper)[pri:0, instance:com.ebay.runner.RunnerClass@5fd4f8f5]" name="feature" duration-ms="16072" started-at="2023-07-06T12:00:15Z" description="Runs Cucumber Feature" data-provider="features" finished-at="2023-07-06T12:00:31Z">
          <params>
            <param index="0">
              <value>
                <![CDATA[Ebay Summary Mousehover]]>
              </value>
            </param>
          </params>
          <reporter-output>
          </reporter-output>
        </test-method> <!-- feature -->
        <test-method status="PASS" signature="tearDownClass()[pri:0, instance:com.ebay.runner.RunnerClass@5fd4f8f5]" name="tearDownClass" is-config="true" duration-ms="356" started-at="2023-07-06T12:00:31Z" finished-at="2023-07-06T12:00:32Z">
          <reporter-output>
          </reporter-output>
        </test-method> <!-- tearDownClass -->
      </class> <!-- com.ebay.runner.RunnerClass -->
    </test> <!-- Default test -->
  </suite> <!-- Default suite -->
</testng-results>
